2018-04-09T04:01:50+08:00 [development] [I] [app.go:168] Lodos 1.0.0 starting up
2018-04-09T04:01:50+08:00 [development] [I] [app.go:107] rpcClient create success type(Login) id(Login001)
2018-04-09T04:01:50+08:00 [development] [I] [app.go:107] rpcClient create success type(Chat) id(Chat001)
2018-04-09T04:01:50+08:00 [development] [I] [app.go:107] rpcClient create success type(PyChat) id(PyChat001)
2018-04-09T04:01:50+08:00 [development] [I] [app.go:107] rpcClient create success type(Test) id(Test001)
2018-04-09T04:01:50+08:00 [development] [I] [app.go:107] rpcClient create success type(Hitball) id(Hitball001)
2018-04-09T04:01:50+08:00 [development] [I] [app.go:107] rpcClient create success type(Webapp) id(Webapp001)
2018-04-09T04:01:50+08:00 [development] [I] [app.go:107] rpcClient create success type(Gate) id(Gate001)
2018-04-09T04:01:50+08:00 [development] [I] [app.go:107] rpcClient create success type(Master) id(Master001)
2018-04-09T04:01:50+08:00 [development] [I] [module_manager.go:23] This service ProcessID is [development]
2018-04-09T04:01:50+08:00 [development] [I] [rpc_server_module.go:50] RPCServer init success id(Gate001), include local, 
2018-04-09T04:01:50+08:00 [development] [I] [rpc_rabbitmq.go:81] WConnect dialing "amqp://dming:dming@127.0.0.1:5672/Login"
2018-04-09T04:01:50+08:00 [development] [I] [ws_server.go:143] WS Listen ::3653
2018-04-09T04:01:50+08:00 [development] [I] [tcp_server.go:40] TCP Listen ::3563
2018-04-09T04:01:50+08:00 [development] [I] [rpc_server_module.go:50] RPCServer init success id(Login001), include local, rabbitmq, redis
2018-04-09T04:01:50+08:00 [development] [I] [app.go:186] Server started : /Users/mac/go/lodosserver/src/server/conf/server.conf
2018-04-09T04:02:07+08:00 [development] [I] [rpc_server_module.go:59] RPCServer close success id(Login001)
2018-04-09T04:02:07+08:00 [development] [I] [rpc_server_module.go:59] RPCServer close success id(Gate001)
2018-04-09T04:02:07+08:00 [development] [I] [app.go:203] rpcClient close success type(Webapp) id(Webapp001)
2018-04-09T04:02:07+08:00 [development] [I] [app.go:203] rpcClient close success type(Gate) id(Gate001)
2018-04-09T04:02:07+08:00 [development] [I] [app.go:203] rpcClient close success type(Master) id(Master001)
2018-04-09T04:02:07+08:00 [development] [I] [app.go:203] rpcClient close success type(Login) id(Login001)
2018-04-09T04:02:07+08:00 [development] [I] [app.go:203] rpcClient close success type(Chat) id(Chat001)
2018-04-09T04:02:07+08:00 [development] [I] [app.go:203] rpcClient close success type(PyChat) id(PyChat001)
2018-04-09T04:02:07+08:00 [development] [I] [app.go:203] rpcClient close success type(Test) id(Test001)
2018-04-09T04:02:07+08:00 [development] [I] [app.go:203] rpcClient close success type(Hitball) id(Hitball001)
2018-04-09T04:02:07+08:00 [development] [I] [app.go:193] Lodos closing down (signal: interrupt)
2018-04-09T04:02:36+08:00 [development] [I] [app.go:168] Lodos 1.0.0 starting up
2018-04-09T04:02:36+08:00 [development] [I] [app.go:107] rpcClient create success type(Gate) id(Gate001)
2018-04-09T04:02:36+08:00 [development] [I] [app.go:107] rpcClient create success type(Master) id(Master001)
2018-04-09T04:02:36+08:00 [development] [I] [app.go:107] rpcClient create success type(Login) id(Login001)
2018-04-09T04:02:36+08:00 [development] [I] [app.go:107] rpcClient create success type(Chat) id(Chat001)
2018-04-09T04:02:36+08:00 [development] [I] [app.go:107] rpcClient create success type(PyChat) id(PyChat001)
2018-04-09T04:02:36+08:00 [development] [I] [app.go:107] rpcClient create success type(Test) id(Test001)
2018-04-09T04:02:36+08:00 [development] [I] [app.go:107] rpcClient create success type(Hitball) id(Hitball001)
2018-04-09T04:02:36+08:00 [development] [I] [app.go:107] rpcClient create success type(Webapp) id(Webapp001)
2018-04-09T04:02:36+08:00 [development] [I] [module_manager.go:23] This service ProcessID is [development]
2018-04-09T04:02:36+08:00 [development] [I] [rpc_server_module.go:50] RPCServer init success id(Gate001), include local, 
2018-04-09T04:02:36+08:00 [development] [I] [rpc_rabbitmq.go:81] WConnect dialing "amqp://dming:dming@127.0.0.1:5672/Login"
2018-04-09T04:02:36+08:00 [development] [I] [ws_server.go:143] WS Listen ::3653
2018-04-09T04:02:36+08:00 [development] [I] [tcp_server.go:40] TCP Listen ::3563
2018-04-09T04:02:36+08:00 [development] [I] [rpc_rabbitmq.go:97] RConnect dialing "amqp://dming:dming@127.0.0.1:5672/Login"
2018-04-09T04:02:36+08:00 [development] [I] [rpc_server_module.go:50] RPCServer init success id(Login001), include local, rabbitmq, redis
2018-04-09T04:02:36+08:00 [development] [I] [module.go:56] connect to redis 127.0.0.1:6379 success, ping result [PONG]
2018-04-09T04:02:36+08:00 [development] [I] [app.go:186] Server started : /Users/mac/go/lodosserver/src/server/conf/server.conf
2018-04-09T04:03:03+08:00 [development] [I] [rpc_server_module.go:59] RPCServer close success id(Login001)
2018-04-09T04:03:03+08:00 [development] [I] [rpc_server_module.go:59] RPCServer close success id(Gate001)
2018-04-09T04:03:03+08:00 [development] [I] [app.go:203] rpcClient close success type(Chat) id(Chat001)
2018-04-09T04:03:03+08:00 [development] [I] [app.go:203] rpcClient close success type(PyChat) id(PyChat001)
2018-04-09T04:03:03+08:00 [development] [I] [app.go:203] rpcClient close success type(Test) id(Test001)
2018-04-09T04:03:03+08:00 [development] [I] [app.go:203] rpcClient close success type(Hitball) id(Hitball001)
2018-04-09T04:03:03+08:00 [development] [I] [app.go:203] rpcClient close success type(Webapp) id(Webapp001)
2018-04-09T04:03:03+08:00 [development] [I] [app.go:203] rpcClient close success type(Gate) id(Gate001)
2018-04-09T04:03:03+08:00 [development] [I] [app.go:203] rpcClient close success type(Master) id(Master001)
2018-04-09T04:03:03+08:00 [development] [I] [app.go:203] rpcClient close success type(Login) id(Login001)
2018-04-09T04:03:03+08:00 [development] [I] [app.go:193] Lodos closing down (signal: interrupt)
2018-04-09T04:03:21+08:00 [development] [I] [app.go:168] Lodos 1.0.0 starting up
2018-04-09T04:03:21+08:00 [development] [I] [app.go:107] rpcClient create success type(Test) id(Test001)
2018-04-09T04:03:21+08:00 [development] [I] [app.go:107] rpcClient create success type(Hitball) id(Hitball001)
2018-04-09T04:03:21+08:00 [development] [I] [app.go:107] rpcClient create success type(Webapp) id(Webapp001)
2018-04-09T04:03:21+08:00 [development] [I] [app.go:107] rpcClient create success type(Gate) id(Gate001)
2018-04-09T04:03:21+08:00 [development] [I] [app.go:107] rpcClient create success type(Master) id(Master001)
2018-04-09T04:03:21+08:00 [development] [I] [app.go:107] rpcClient create success type(Login) id(Login001)
2018-04-09T04:03:21+08:00 [development] [I] [app.go:107] rpcClient create success type(Chat) id(Chat001)
2018-04-09T04:03:21+08:00 [development] [I] [app.go:107] rpcClient create success type(PyChat) id(PyChat001)
2018-04-09T04:03:21+08:00 [development] [I] [module_manager.go:23] This service ProcessID is [development]
2018-04-09T04:03:21+08:00 [development] [I] [rpc_server_module.go:50] RPCServer init success id(Gate001), include local, 
2018-04-09T04:03:21+08:00 [development] [I] [rpc_rabbitmq.go:81] WConnect dialing "amqp://dming:dming@127.0.0.1:5672/Login"
2018-04-09T04:03:21+08:00 [development] [I] [ws_server.go:143] WS Listen ::3653
2018-04-09T04:03:21+08:00 [development] [I] [tcp_server.go:40] TCP Listen ::3563
2018-04-09T04:03:21+08:00 [development] [I] [rpc_rabbitmq.go:97] RConnect dialing "amqp://dming:dming@127.0.0.1:5672/Login"
2018-04-09T04:03:21+08:00 [development] [I] [rpc_server_module.go:50] RPCServer init success id(Login001), include local, rabbitmq, redis
2018-04-09T04:03:21+08:00 [development] [I] [module.go:56] connect to redis 127.0.0.1:6379 success, ping result [PONG]
2018-04-09T04:03:21+08:00 [development] [I] [app.go:186] Server started : /Users/mac/go/lodosserver/src/server/conf/server.conf
2018-04-09T04:03:40+08:00 [development] [I] [rpc_server_module.go:59] RPCServer close success id(Login001)
2018-04-12T20:04:31+08:00 [development] [I] [app.go:168] Lodos 1.0.0 starting up
2018-04-12T20:04:31+08:00 [development] [I] [app.go:107] rpcClient create success type(PyChat) id(PyChat001)
2018-04-12T20:04:31+08:00 [development] [I] [app.go:107] rpcClient create success type(Test) id(Test001)
2018-04-12T20:04:31+08:00 [development] [I] [app.go:107] rpcClient create success type(Hitball) id(Hitball001)
2018-04-12T20:04:31+08:00 [development] [I] [app.go:107] rpcClient create success type(Webapp) id(Webapp001)
2018-04-12T20:04:31+08:00 [development] [I] [app.go:107] rpcClient create success type(Gate) id(Gate001)
2018-04-12T20:04:31+08:00 [development] [I] [app.go:107] rpcClient create success type(Master) id(Master001)
2018-04-12T20:04:31+08:00 [development] [I] [app.go:107] rpcClient create success type(Login) id(Login001)
2018-04-12T20:04:31+08:00 [development] [I] [app.go:107] rpcClient create success type(Chat) id(Chat001)
2018-04-12T20:04:31+08:00 [development] [I] [module_manager.go:23] This service ProcessID is [development]
2018-04-12T20:04:31+08:00 [development] [I] [rpc_server_module.go:50] RPCServer init success id(Gate001), include local, 
2018-04-12T20:04:31+08:00 [development] [I] [rpc_rabbitmq.go:81] WConnect dialing "amqp://dming:dming@127.0.0.1:5672/Login"
2018-04-12T20:04:31+08:00 [development] [I] [ws_server.go:143] WS Listen ::3653
2018-04-12T20:04:31+08:00 [development] [I] [tcp_server.go:40] TCP Listen ::3563
2018-04-12T20:04:31+08:00 [development] [I] [rpc_server_module.go:50] RPCServer init success id(Login001), include local, rabbitmq, redis
2018-04-12T20:04:31+08:00 [development] [I] [app.go:186] Server started : /Users/mac/go/lodosserver/src/server/conf/server.conf
2018-04-12T20:05:14+08:00 [development] [I] [rpc_server_module.go:59] RPCServer close success id(Login001)
2018-04-12T20:05:14+08:00 [development] [I] [rpc_server_module.go:59] RPCServer close success id(Gate001)
2018-04-12T20:05:14+08:00 [development] [I] [app.go:203] rpcClient close success type(Login) id(Login001)
2018-04-12T20:05:14+08:00 [development] [I] [app.go:203] rpcClient close success type(Chat) id(Chat001)
2018-04-12T20:05:14+08:00 [development] [I] [app.go:203] rpcClient close success type(PyChat) id(PyChat001)
2018-04-12T20:05:14+08:00 [development] [I] [app.go:203] rpcClient close success type(Test) id(Test001)
2018-04-12T20:05:14+08:00 [development] [I] [app.go:203] rpcClient close success type(Hitball) id(Hitball001)
2018-04-12T20:05:14+08:00 [development] [I] [app.go:203] rpcClient close success type(Webapp) id(Webapp001)
2018-04-12T20:05:14+08:00 [development] [I] [app.go:203] rpcClient close success type(Gate) id(Gate001)
2018-04-12T20:05:14+08:00 [development] [I] [app.go:203] rpcClient close success type(Master) id(Master001)
2018-04-12T20:05:43+08:00 [development] [I] [app.go:168] Lodos 1.0.0 starting up
2018-04-12T20:05:43+08:00 [development] [I] [app.go:107] rpcClient create success type(Login) id(Login001)
2018-04-12T20:05:43+08:00 [development] [I] [app.go:107] rpcClient create success type(Chat) id(Chat001)
2018-04-12T20:05:43+08:00 [development] [I] [app.go:107] rpcClient create success type(PyChat) id(PyChat001)
2018-04-12T20:05:43+08:00 [development] [I] [app.go:107] rpcClient create success type(Test) id(Test001)
2018-04-12T20:05:43+08:00 [development] [I] [app.go:107] rpcClient create success type(Hitball) id(Hitball001)
2018-04-12T20:05:43+08:00 [development] [I] [app.go:107] rpcClient create success type(Webapp) id(Webapp001)
2018-04-12T20:05:43+08:00 [development] [I] [app.go:107] rpcClient create success type(Gate) id(Gate001)
2018-04-12T20:05:43+08:00 [development] [I] [app.go:107] rpcClient create success type(Master) id(Master001)
2018-04-12T20:05:43+08:00 [development] [I] [module_manager.go:23] This service ProcessID is [development]
2018-04-12T20:05:43+08:00 [development] [I] [rpc_server_module.go:50] RPCServer init success id(Gate001), include local, 
2018-04-12T20:05:43+08:00 [development] [I] [ws_server.go:143] WS Listen ::3653
2018-04-12T20:05:43+08:00 [development] [I] [rpc_rabbitmq.go:81] WConnect dialing "amqp://dming:dming@127.0.0.1:5672/Login"
2018-04-12T20:05:43+08:00 [development] [I] [tcp_server.go:40] TCP Listen ::3563
2018-04-12T20:05:43+08:00 [development] [I] [rpc_rabbitmq.go:97] RConnect dialing "amqp://dming:dming@127.0.0.1:5672/Login"
2018-04-12T20:05:43+08:00 [development] [I] [rpc_server_module.go:50] RPCServer init success id(Login001), include local, rabbitmq, redis
2018-04-12T20:05:43+08:00 [development] [I] [module.go:56] connect to redis 127.0.0.1:6379 success, ping result [PONG]
2018-04-12T20:05:43+08:00 [development] [I] [app.go:186] Server started : /Users/mac/go/lodosserver/src/server/conf/server.conf
2018-04-12T20:06:00+08:00 [development] [I] [rpc_server_module.go:59] RPCServer close success id(Login001)
2018-04-12T20:06:00+08:00 [development] [I] [rpc_server_module.go:59] RPCServer close success id(Gate001)
2018-04-12T20:06:00+08:00 [development] [I] [app.go:203] rpcClient close success type(Webapp) id(Webapp001)
2018-04-12T20:06:00+08:00 [development] [I] [app.go:203] rpcClient close success type(Gate) id(Gate001)
2018-04-12T20:06:00+08:00 [development] [I] [app.go:203] rpcClient close success type(Master) id(Master001)
2018-04-12T20:06:00+08:00 [development] [I] [app.go:203] rpcClient close success type(Login) id(Login001)
2018-04-12T20:06:00+08:00 [development] [I] [app.go:203] rpcClient close success type(Chat) id(Chat001)
2018-04-12T20:06:00+08:00 [development] [I] [app.go:203] rpcClient close success type(PyChat) id(PyChat001)
2018-04-12T20:06:00+08:00 [development] [I] [app.go:203] rpcClient close success type(Test) id(Test001)
2018-04-12T20:06:00+08:00 [development] [I] [app.go:203] rpcClient close success type(Hitball) id(Hitball001)
2018-04-15T12:49:53+08:00 [development] [I] [app.go:168] Lodos 1.0.0 starting up
2018-04-15T12:49:53+08:00 [development] [I] [app.go:107] rpcClient create success type(Gate) id(Gate001)
2018-04-15T12:49:53+08:00 [development] [I] [app.go:107] rpcClient create success type(Master) id(Master001)
2018-04-15T12:49:53+08:00 [development] [I] [app.go:107] rpcClient create success type(Login) id(Login001)
2018-04-15T12:49:53+08:00 [development] [I] [app.go:107] rpcClient create success type(Chat) id(Chat001)
2018-04-15T12:49:53+08:00 [development] [I] [app.go:107] rpcClient create success type(PyChat) id(PyChat001)
2018-04-15T12:49:53+08:00 [development] [I] [app.go:107] rpcClient create success type(Test) id(Test001)
2018-04-15T12:49:53+08:00 [development] [I] [app.go:107] rpcClient create success type(Hitball) id(Hitball001)
2018-04-15T12:49:53+08:00 [development] [I] [app.go:107] rpcClient create success type(Webapp) id(Webapp001)
2018-04-15T12:49:53+08:00 [development] [I] [module_manager.go:23] This service ProcessID is [development]
2018-04-15T12:49:53+08:00 [development] [I] [rpc_server_module.go:50] RPCServer init success id(Gate001), include local, 
2018-04-15T12:49:53+08:00 [development] [I] [rpc_rabbitmq.go:81] WConnect dialing "amqp://dming:dming@127.0.0.1:5672/Login"
2018-04-15T12:49:53+08:00 [development] [I] [ws_server.go:143] WS Listen ::3653
2018-04-15T12:49:53+08:00 [development] [I] [tcp_server.go:40] TCP Listen ::3563
2018-04-15T12:49:53+08:00 [development] [I] [rpc_server_module.go:50] RPCServer init success id(Login001), include local, rabbitmq, redis
2018-04-15T12:49:53+08:00 [development] [I] [module.go:56] connect to redis 127.0.0.1:6379 success, ping result [PONG]
2018-04-15T12:49:53+08:00 [development] [I] [app.go:186] Server started : /Users/mac/go/lodosserver/src/server/conf/server.conf
2018-04-15T23:19:05+08:00 [development] [I] [app.go:168] Lodos 1.0.0 starting up
2018-04-15T23:19:05+08:00 [development] [I] [app.go:107] rpcClient create success type(Chat) id(Chat001)
2018-04-15T23:19:05+08:00 [development] [I] [app.go:107] rpcClient create success type(PyChat) id(PyChat001)
2018-04-15T23:19:05+08:00 [development] [I] [app.go:107] rpcClient create success type(Test) id(Test001)
2018-04-15T23:19:05+08:00 [development] [I] [app.go:107] rpcClient create success type(Hitball) id(Hitball001)
2018-04-15T23:19:05+08:00 [development] [I] [app.go:107] rpcClient create success type(Webapp) id(Webapp001)
2018-04-15T23:19:05+08:00 [development] [I] [app.go:107] rpcClient create success type(Gate) id(Gate001)
2018-04-15T23:19:05+08:00 [development] [I] [app.go:107] rpcClient create success type(Master) id(Master001)
2018-04-15T23:19:05+08:00 [development] [I] [app.go:107] rpcClient create success type(Login) id(Login001)
2018-04-15T23:19:05+08:00 [development] [I] [module_manager.go:23] This service ProcessID is [development]
2018-04-15T23:19:05+08:00 [development] [I] [rpc_server_module.go:50] RPCServer init success id(Gate001), include local, 
2018-04-15T23:19:05+08:00 [development] [I] [rpc_server_module.go:50] RPCServer init success id(Login001), include local, 
2018-04-15T23:19:05+08:00 [development] [I] [ws_server.go:143] WS Listen ::3653
2018-04-15T23:19:05+08:00 [development] [I] [tcp_server.go:40] TCP Listen ::3563
2018-04-15T23:19:05+08:00 [development] [I] [module.go:56] connect to redis 127.0.0.1:6379 success, ping result [PONG]
2018-04-15T23:19:05+08:00 [development] [I] [app.go:186] Server started : /Users/mac/go/lodosserver/src/server/conf/server.conf
2018-04-15T23:59:33+08:00 [development] [I] [rpc_server_module.go:59] RPCServer close success id(Login001)
2018-04-15T23:59:33+08:00 [development] [I] [rpc_server_module.go:59] RPCServer close success id(Gate001)
2018-04-15T23:59:33+08:00 [development] [I] [app.go:203] rpcClient close success type(Master) id(Master001)
2018-04-15T23:59:33+08:00 [development] [I] [app.go:203] rpcClient close success type(Login) id(Login001)
2018-04-15T23:59:33+08:00 [development] [I] [app.go:203] rpcClient close success type(Chat) id(Chat001)
2018-04-15T23:59:33+08:00 [development] [I] [app.go:203] rpcClient close success type(PyChat) id(PyChat001)
2018-04-15T23:59:33+08:00 [development] [I] [app.go:203] rpcClient close success type(Test) id(Test001)
2018-04-15T23:59:33+08:00 [development] [I] [app.go:203] rpcClient close success type(Hitball) id(Hitball001)
2018-04-15T23:59:33+08:00 [development] [I] [app.go:203] rpcClient close success type(Webapp) id(Webapp001)
2018-04-15T23:59:48+08:00 [development] [I] [app.go:168] Lodos 1.0.0 starting up
2018-04-15T23:59:48+08:00 [development] [I] [app.go:107] rpcClient create success type(Login) id(Login001)
2018-04-15T23:59:48+08:00 [development] [I] [app.go:107] rpcClient create success type(Chat) id(Chat001)
2018-04-15T23:59:48+08:00 [development] [I] [app.go:107] rpcClient create success type(PyChat) id(PyChat001)
2018-04-15T23:59:48+08:00 [development] [I] [app.go:107] rpcClient create success type(Test) id(Test001)
2018-04-15T23:59:48+08:00 [development] [I] [app.go:107] rpcClient create success type(Hitball) id(Hitball001)
2018-04-15T23:59:48+08:00 [development] [I] [app.go:107] rpcClient create success type(Webapp) id(Webapp001)
2018-04-15T23:59:48+08:00 [development] [I] [app.go:107] rpcClient create success type(Gate) id(Gate001)
2018-04-15T23:59:48+08:00 [development] [I] [app.go:107] rpcClient create success type(Master) id(Master001)
2018-04-15T23:59:48+08:00 [development] [I] [module_manager.go:23] This service ProcessID is [development]
2018-04-15T23:59:48+08:00 [development] [I] [rpc_server_module.go:50] RPCServer init success id(Gate001), include local, 
2018-04-15T23:59:48+08:00 [development] [I] [rpc_server_module.go:50] RPCServer init success id(Login001), include local, 
2018-04-15T23:59:48+08:00 [development] [I] [ws_server.go:143] WS Listen ::3653
2018-04-15T23:59:48+08:00 [development] [I] [tcp_server.go:40] TCP Listen ::3563
2018-04-15T23:59:48+08:00 [development] [I] [module.go:56] connect to redis 127.0.0.1:6379 success, ping result [PONG]
2018-04-15T23:59:48+08:00 [development] [I] [app.go:186] Server started : /Users/mac/go/lodosserver/src/server/conf/server.conf
